<?xml version="1.0" encoding="UTF-8"?>
<testng-results skipped="0" failed="1" ignored="0" total="1" passed="0">
  <reporter-output>
  </reporter-output>
  <suite name="Default suite" duration-ms="6052" started-at="2021-05-30T15:11:44Z" finished-at="2021-05-30T15:11:50Z">
    <groups>
    </groups>
    <test name="Default test" duration-ms="6052" started-at="2021-05-30T15:11:44Z" finished-at="2021-05-30T15:11:50Z">
      <class name="com.ty.rmgyantra.projectTest.AddSingleProjectWithCompletedStatus">
        <test-method status="PASS" signature="configBS()[pri:0, instance:com.ty.rmgyantra.projectTest.AddSingleProjectWithCompletedStatus@4b9e13df]" name="configBS" is-config="true" duration-ms="1303" started-at="2021-05-30T15:11:43Z" finished-at="2021-05-30T15:11:44Z">
          <reporter-output>
          </reporter-output>
        </test-method> <!-- configBS -->
        <test-method status="FAIL" signature="addSingleProjectWithCompletedStatus()[pri:0, instance:com.ty.rmgyantra.projectTest.AddSingleProjectWithCompletedStatus@4b9e13df]" name="addSingleProjectWithCompletedStatus" duration-ms="5993" started-at="2021-05-30T15:11:44Z" finished-at="2021-05-30T15:11:50Z">
          <exception class="java.lang.AssertionError">
            <message>
              <![CDATA[expected [true] but found [false]]]>
            </message>
            <full-stacktrace>
              <![CDATA[java.lang.AssertionError: expected [true] but found [false]
at org.testng.Assert.fail(Assert.java:96)
at org.testng.Assert.failNotEquals(Assert.java:776)
at org.testng.Assert.assertTrue(Assert.java:44)
at org.testng.Assert.assertTrue(Assert.java:54)
at com.ty.rmgyantra.projectTest.AddSingleProjectWithCompletedStatus.addSingleProjectWithCompletedStatus(AddSingleProjectWithCompletedStatus.java:48)
at sun.reflect.NativeMethodAccessorImpl.invoke0(Native Method)
at sun.reflect.NativeMethodAccessorImpl.invoke(Unknown Source)
at sun.reflect.DelegatingMethodAccessorImpl.invoke(Unknown Source)
at java.lang.reflect.Method.invoke(Unknown Source)
at org.testng.internal.MethodInvocationHelper.invokeMethod(MethodInvocationHelper.java:124)
at org.testng.internal.Invoker.invokeMethod(Invoker.java:583)
at org.testng.internal.Invoker.invokeTestMethod(Invoker.java:719)
at org.testng.internal.Invoker.invokeTestMethods(Invoker.java:989)
at org.testng.internal.TestMethodWorker.invokeTestMethods(TestMethodWorker.java:125)
at org.testng.internal.TestMethodWorker.run(TestMethodWorker.java:109)
at org.testng.TestRunner.privateRun(TestRunner.java:648)
at org.testng.TestRunner.run(TestRunner.java:505)
at org.testng.SuiteRunner.runTest(SuiteRunner.java:455)
at org.testng.SuiteRunner.runSequentially(SuiteRunner.java:450)
at org.testng.SuiteRunner.privateRun(SuiteRunner.java:415)
at org.testng.SuiteRunner.run(SuiteRunner.java:364)
at org.testng.SuiteRunnerWorker.runSuite(SuiteRunnerWorker.java:52)
at org.testng.SuiteRunnerWorker.run(SuiteRunnerWorker.java:84)
at org.testng.TestNG.runSuitesSequentially(TestNG.java:1208)
at org.testng.TestNG.runSuitesLocally(TestNG.java:1137)
at org.testng.TestNG.runSuites(TestNG.java:1049)
at org.testng.TestNG.run(TestNG.java:1017)
at org.testng.remote.AbstractRemoteTestNG.run(AbstractRemoteTestNG.java:114)
at org.testng.remote.RemoteTestNG.initAndRun(RemoteTestNG.java:251)
at org.testng.remote.RemoteTestNG.main(RemoteTestNG.java:77)
]]>
            </full-stacktrace>
          </exception> <!-- java.lang.AssertionError -->
          <reporter-output>
          </reporter-output>
        </test-method> <!-- addSingleProjectWithCompletedStatus -->
        <test-method status="PASS" signature="configAS()[pri:0, instance:com.ty.rmgyantra.projectTest.AddSingleProjectWithCompletedStatus@4b9e13df]" name="configAS" is-config="true" duration-ms="32" started-at="2021-05-30T15:11:51Z" finished-at="2021-05-30T15:11:51Z">
          <reporter-output>
          </reporter-output>
        </test-method> <!-- configAS -->
      </class> <!-- com.ty.rmgyantra.projectTest.AddSingleProjectWithCompletedStatus -->
    </test> <!-- Default test -->
  </suite> <!-- Default suite -->
</testng-results>
